<?xml version="1.0" encoding="UTF-8"?>
<!-- Generated by org.testng.reporters.JUnitReportReporter -->
<testsuite skipped="0" hostname="DESKTOP-U1DAVFE" name="com.terrain.Jyoti" tests="1" failures="0" timestamp="16 May 2020 11:28:24 GMT" time="56.475" errors="0">
  <testcase name="f" time="56.475" classname="com.terrain.Jyoti"/>
</testsuite> <!-- com.terrain.Jyoti -->
